136:/data/data/com.termux/files/usr/share/lua/5.4/busted/init.lua
0 0 0 0 0 0 0 0 0 0 0 0 0 0 0 0 0 0 0 0 0 0 0 0 0 0 0 0 0 0 0 0 0 0 0 0 0 0 0 0 0 0 0 0 0 0 0 0 0 0 0 0 0 0 0 0 0 0 0 0 0 0 0 0 0 0 0 0 0 0 0 0 0 0 0 0 0 0 0 0 0 0 0 0 0 0 0 0 0 0 0 0 0 0 0 0 0 0 0 0 0 0 0 0 0 0 0 0 0 0 0 0 0 0 0 0 0 0 0 0 5 0 10 0 0 0 0 0 0 0 0 0 0 0 0 5 
32:/data/data/com.termux/files/usr/share/lua/5.4/cliargs.lua
0 0 5 5 0 5 0 5 0 0 0 0 0 0 0 5 0 0 0 5 0 0 0 0 0 0 0 5 0 5 0 5 
139:/data/data/com.termux/files/usr/share/lua/5.4/cliargs/config_loader.lua
5 0 0 0 0 0 0 0 0 0 0 0 0 0 5 0 5 5 5 5 5 5 5 5 0 0 0 0 0 0 0 0 0 0 5 0 0 0 0 0 0 0 0 0 0 0 0 0 0 0 0 0 0 0 0 0 0 0 0 0 5 0 0 0 0 0 0 0 0 0 0 0 0 0 0 0 0 0 0 0 0 0 0 0 0 0 0 0 0 0 0 0 0 0 0 0 0 0 0 0 0 0 0 0 0 0 0 0 0 0 0 5 0 0 0 0 0 0 0 0 0 0 0 0 0 0 0 0 0 0 0 0 0 0 0 0 0 5 5 
6:/data/data/com.termux/files/usr/share/lua/5.4/cliargs/constants.lua
5 5 5 5 5 5 
559:/data/data/com.termux/files/usr/share/lua/5.4/cliargs/core.lua
0 0 5 5 5 5 5 5 5 5 5 0 0 0 5 0 0 0 0 0 0 0 5 0 0 0 0 0 0 0 0 0 0 5 5 5 0 5 5 0 10 0 0 0 0 0 0 10 0 0 0 0 0 0 0 0 0 0 0 0 0 0 0 0 0 0 0 0 0 0 0 0 0 0 0 0 0 0 0 0 0 5 0 0 0 0 0 0 0 0 0 0 0 0 0 0 0 0 0 0 0 0 0 0 0 0 0 0 0 0 0 0 0 0 0 0 5 0 0 0 0 0 0 0 0 5 0 0 0 5 0 0 5 0 0 0 5 0 0 0 0 0 0 0 0 0 0 0 0 0 5 0 5 0 5 0 0 0 0 0 0 0 0 0 0 0 0 0 5 0 0 0 0 0 0 0 0 0 0 0 0 0 0 0 0 0 5 0 0 0 0 0 0 0 0 0 5 0 0 0 0 0 0 0 0 0 0 0 0 0 0 0 0 0 0 0 5 0 0 0 0 0 0 0 0 0 0 0 5 0 0 0 0 0 0 0 0 0 0 0 0 0 0 0 0 0 0 0 0 0 0 0 0 0 0 0 0 0 0 0 0 0 0 0 0 5 0 0 0 0 0 0 0 0 0 0 0 0 0 0 0 0 0 0 0 0 5 0 0 0 0 0 0 0 0 0 0 0 0 0 0 0 0 0 0 0 0 0 0 0 0 0 0 0 0 0 0 0 0 0 0 0 0 0 0 0 0 0 0 0 0 0 0 0 0 0 5 0 0 0 0 0 0 0 0 0 0 0 0 0 0 0 0 0 0 0 0 0 0 0 0 0 0 0 0 0 0 0 0 0 0 0 0 0 0 5 0 0 0 0 0 0 0 0 0 0 0 0 0 0 0 0 0 0 0 0 0 0 0 0 0 0 0 0 0 0 0 0 0 5 0 0 0 0 0 0 0 0 0 0 0 0 0 0 0 0 0 0 0 0 0 5 0 0 0 0 0 0 0 0 0 0 0 0 0 0 0 0 0 0 0 0 0 0 0 0 0 0 0 0 0 0 0 0 0 0 0 0 0 0 5 0 0 0 0 0 0 0 0 0 0 0 0 0 0 0 0 0 0 5 0 0 0 0 0 0 0 0 0 0 0 0 0 0 0 0 5 0 0 0 0 0 0 0 0 5 0 0 0 0 0 0 0 0 0 0 0 0 0 0 0 5 0 5 0 0 0 0 0 5 0 5 0 5 0 5 0 0 0 0 0 5 0 5 0 5 5 0 5 
316:/data/data/com.termux/files/usr/share/lua/5.4/cliargs/parser.lua
5 0 0 0 0 5 5 5 5 0 0 0 0 0 5 0 0 0 0 0 5 0 0 0 0 5 5 0 0 0 0 0 0 0 0 0 0 0 0 0 0 0 0 0 0 0 0 0 0 0 0 0 0 0 0 0 0 0 0 0 0 0 0 0 0 0 5 0 5 0 0 0 0 0 0 0 0 5 0 5 0 0 0 0 0 0 5 0 5 0 0 0 0 0 0 0 0 0 0 0 0 0 0 0 0 0 0 0 0 0 0 0 0 0 0 0 0 0 0 0 0 0 0 0 0 0 0 0 0 0 0 0 0 0 0 0 0 0 0 0 0 0 0 0 0 0 0 0 0 0 0 0 0 0 0 0 0 0 0 0 0 0 0 0 0 0 0 0 0 0 0 0 0 0 0 0 0 0 0 0 0 0 0 0 0 0 0 0 0 0 0 0 0 0 0 0 0 0 0 0 0 0 0 0 0 0 0 0 0 0 0 0 0 5 0 5 0 0 0 0 0 0 0 0 0 0 0 0 0 0 0 0 0 0 0 0 0 0 0 5 0 5 0 0 0 0 0 0 0 0 0 0 0 0 0 0 0 0 0 0 0 0 0 0 0 0 0 0 0 0 0 0 0 0 0 0 0 0 0 0 0 0 0 0 0 0 0 0 5 0 0 0 0 0 0 0 0 0 0 0 0 0 0 0 0 0 0 0 0 0 0 0 0 0 0 5 
264:/data/data/com.termux/files/usr/share/lua/5.4/cliargs/printer.lua
5 5 5 5 5 0 0 5 0 5 0 5 0 0 0 0 0 0 0 0 0 0 0 0 0 0 0 0 0 0 0 0 0 0 0 0 0 0 0 0 5 0 0 5 0 0 0 0 0 0 0 0 0 0 0 0 0 0 0 0 0 0 0 0 0 0 0 0 0 0 0 0 0 0 0 0 0 0 0 0 5 0 5 0 0 0 0 0 0 0 0 0 0 0 0 0 0 0 0 0 0 0 0 0 0 0 0 0 0 0 0 0 0 0 0 0 0 0 0 0 0 0 0 0 0 0 0 0 0 0 0 0 0 0 0 0 0 0 0 0 0 0 0 0 0 0 0 0 0 0 0 0 0 0 0 0 0 0 0 0 0 0 0 5 0 5 0 0 0 0 0 0 0 0 0 0 0 0 0 0 0 0 0 0 0 0 0 0 0 0 0 0 0 0 0 0 0 0 0 0 0 0 0 0 0 0 0 0 0 0 0 0 0 0 0 0 0 0 0 0 0 0 0 0 0 0 0 0 0 0 0 0 0 0 0 0 0 0 0 0 0 0 0 0 0 0 0 0 0 5 0 5 0 0 0 0 0 0 5 0 5 5 0 5 
69:/data/data/com.termux/files/usr/share/lua/5.4/cliargs/utils/disect.lua
5 0 5 5 0 0 0 0 0 0 0 0 0 0 0 0 0 0 0 0 0 0 0 0 0 0 0 0 0 0 0 0 0 0 0 0 0 0 0 0 0 0 0 0 0 0 0 0 0 0 0 0 0 0 0 0 0 0 0 0 0 0 0 0 0 0 5 0 5 
36:/data/data/com.termux/files/usr/share/lua/5.4/cliargs/utils/disect_argument.lua
0 0 0 0 0 0 0 0 0 0 0 0 0 0 0 0 0 0 0 0 0 0 0 0 0 0 0 0 0 0 0 0 0 5 0 5 
11:/data/data/com.termux/files/usr/share/lua/5.4/cliargs/utils/filter.lua
0 0 0 0 0 0 0 0 0 0 5 
25:/data/data/com.termux/files/usr/share/lua/5.4/cliargs/utils/lookup.lua
0 0 0 0 0 0 0 0 0 0 0 0 0 0 0 0 0 0 0 0 0 0 5 0 5 
16:/data/data/com.termux/files/usr/share/lua/5.4/cliargs/utils/shallow_copy.lua
0 0 0 0 0 0 0 0 0 0 0 0 0 5 0 5 
24:/data/data/com.termux/files/usr/share/lua/5.4/cliargs/utils/split.lua
0 0 0 0 0 0 0 0 0 0 0 0 0 0 0 0 0 0 0 0 0 5 0 5 
4:/data/data/com.termux/files/usr/share/lua/5.4/cliargs/utils/trim.lua
0 0 0 5 
37:/data/data/com.termux/files/usr/share/lua/5.4/cliargs/utils/wordwrap.lua
5 0 0 0 0 0 0 0 0 0 0 0 0 0 0 0 0 0 0 0 0 0 0 0 5 0 0 0 0 0 0 0 0 0 5 0 5 
76:/data/data/com.termux/files/usr/share/lua/5.4/datafile.lua
0 5 0 5 0 0 5 0 5 5 5 5 5 0 5 0 0 30 25 25 15 0 5 0 0 5 0 5 0 0 0 0 0 0 0 0 0 0 0 0 0 0 0 0 0 0 0 0 0 5 0 0 0 0 0 0 0 0 0 0 0 0 0 0 0 5 0 5 0 0 0 0 0 5 0 5 
44:/data/data/com.termux/files/usr/share/lua/5.4/datafile/openers/caller.lua
0 0 0 5 0 5 0 5 0 0 0 0 0 0 0 0 0 0 0 0 0 0 0 0 0 0 0 0 0 0 0 0 0 0 0 0 0 0 0 0 0 5 0 5 
36:/data/data/com.termux/files/usr/share/lua/5.4/datafile/openers/luarocks.lua
0 0 0 5 0 5 5 0 0 0 5 5 5 5 5 5 5 0 0 5 0 0 0 0 5 5 0 5 5 5 5 0 5 5 5 5 
49:/data/data/com.termux/files/usr/share/lua/5.4/datafile/openers/unix.lua
0 0 0 0 5 0 5 0 5 0 5 0 0 0 0 0 0 0 0 0 0 0 0 0 0 0 0 0 0 0 0 0 0 0 0 0 0 0 0 0 0 0 0 0 0 0 5 0 5 
46:/data/data/com.termux/files/usr/share/lua/5.4/datafile/openers/xdg.lua
0 0 0 0 5 0 0 10 25 15 10 10 5 0 5 5 5 5 5 0 5 5 5 0 5 0 5 5 5 0 0 5 5 5 0 5 0 0 0 0 0 0 0 5 0 5 
58:/data/data/com.termux/files/usr/share/lua/5.4/datafile/util.lua
0 0 5 0 0 5 5 0 0 5 0 0 5 0 0 0 0 0 0 0 0 0 0 0 0 0 0 5 0 0 0 5 0 0 0 0 0 0 0 0 0 0 0 0 0 0 0 0 0 0 0 0 0 0 0 5 0 5 
959:/data/data/com.termux/files/usr/share/lua/5.4/luarocks/core/cfg.lua
0 0 0 0 0 0 0 0 0 0 0 0 0 5 0 5 5 5 5 5 0 0 0 5 0 5 0 0 0 0 5 0 5 5 5 5 5 5 5 5 5 5 5 5 0 5 5 5 5 0 5 0 0 10 0 0 10 10 0 0 10 10 10 0 10 10 0 0 0 10 10 10 0 0 10 0 0 0 5 0 5 0 0 0 30 90 60 30 0 30 30 30 30 30 30 30 30 30 0 0 0 0 30 30 30 5 0 0 0 0 10 10 0 10 10 0 10 15 0 0 10 0 0 0 0 0 0 0 0 0 0 0 0 15 0 0 0 0 30 30 0 0 0 30 0 10 10 10 10 0 20 5 0 0 5 5 5 5 5 5 5 5 5 5 5 5 5 5 0 0 0 0 10 5 0 0 0 0 0 0 10 0 10 10 10 10 10 10 10 0 10 10 0 10 10 10 0 10 10 10 10 0 10 0 10 10 0 10 10 10 0 10 10 10 10 10 0 10 10 0 10 10 10 10 10 10 0 10 10 10 10 10 0 10 0 10 10 10 10 0 10 10 10 10 10 10 10 10 10 10 10 0 10 10 10 10 10 0 10 10 10 10 0 10 10 0 10 10 10 10 0 10 10 10 10 10 10 10 10 10 10 0 0 10 0 0 0 0 0 0 0 0 0 0 0 0 0 0 0 0 0 0 0 0 0 0 0 0 0 0 0 0 0 0 0 0 0 0 0 0 0 0 0 0 0 0 0 0 0 0 0 0 0 0 0 10 0 0 0 0 0 0 0 0 0 0 0 0 0 0 0 0 0 0 0 0 0 0 0 0 0 0 0 0 0 0 0 0 0 0 0 0 0 0 10 10 10 10 10 10 0 10 0 0 10 10 0 0 10 0 10 10 10 10 10 10 0 10 10 10 10 10 10 10 10 10 10 10 10 10 10 10 0 0 10 0 0 0 0 0 0 0 0 0 0 0 0 0 0 0 0 0 0 0 0 10 0 0 0 0 0 0 0 0 0 0 0 0 0 0 0 0 0 0 0 0 0 0 0 0 0 0 0 0 0 0 0 0 0 0 0 0 0 0 0 0 0 0 0 0 0 10 0 0 0 0 0 10 0 0 0 0 0 0 10 0 0 0 0 0 0 0 0 0 0 0 0 0 0 0 0 0 0 0 0 0 0 0 0 0 0 0 0 0 0 0 0 0 0 0 0 0 0 10 10 0 10 0 0 0 0 0 0 0 0 0 0 0 0 0 0 0 0 0 0 0 0 0 0 0 0 0 0 0 5 0 0 0 0 0 0 0 0 0 0 0 0 0 0 0 0 0 0 0 0 0 5 0 0 0 5 0 0 0 0 0 0 0 0 0 0 0 0 0 5 10 0 10 10 0 0 10 10 10 0 0 10 0 0 0 0 0 70 60 10 0 10 0 10 0 0 0 0 0 10 10 10 10 10 10 0 0 0 10 0 0 0 0 0 0 0 0 10 10 0 0 10 10 10 10 10 10 10 10 10 10 0 0 10 0 0 0 0 0 0 0 0 10 10 0 0 10 0 0 0 10 0 0 0 0 0 0 0 0 0 0 0 0 0 0 0 0 10 0 10 0 0 0 0 0 0 10 0 0 0 10 0 0 10 10 0 0 0 0 10 10 10 0 0 0 0 10 10 10 0 0 0 0 10 0 10 10 10 10 10 10 0 0 10 0 0 0 0 0 0 0 0 0 0 0 0 0 10 10 10 10 10 10 0 0 0 0 0 10 10 10 10 10 0 0 0 0 0 10 0 0 0 0 0 0 0 0 0 10 0 0 0 0 0 0 0 0 0 10 10 10 0 0 0 0 0 0 0 0 10 0 0 0 0 0 0 0 0 0 10 0 0 0 0 0 0 0 0 0 0 0 0 0 0 0 0 0 0 0 0 0 0 0 0 0 0 0 0 0 0 0 0 0 0 0 0 0 0 0 0 0 0 0 0 0 0 0 0 0 0 0 0 0 0 0 0 0 0 0 0 0 0 0 0 0 0 0 0 0 0 0 0 0 0 0 0 0 0 0 0 0 0 0 0 0 0 0 0 0 0 0 0 0 0 0 0 0 0 0 0 0 0 0 0 0 0 0 0 0 0 0 0 0 0 0 0 0 0 0 0 0 0 0 0 0 0 0 0 0 0 0 5 0 5 
95:/data/data/com.termux/files/usr/share/lua/5.4/luarocks/core/dir.lua
5 0 0 0 5 0 0 350 350 350 0 0 350 5 0 0 0 0 0 0 5 0 110 110 110 110 110 0 110 5 0 0 0 0 0 0 0 5 110 110 110 110 110 0 0 110 880 770 0 0 0 0 0 0 770 770 0 110 110 0 110 0 0 110 0 110 0 0 110 0 110 5 0 0 0 0 0 0 0 0 0 0 0 5 100 100 0 0 340 240 100 100 5 0 5 
131:/data/data/com.termux/files/usr/share/lua/5.4/luarocks/core/manif.lua
5 0 5 0 0 5 5 5 5 5 5 0 0 0 0 0 0 0 0 0 0 0 0 0 0 5 0 0 0 0 0 5 0 0 0 5 0 0 0 0 0 5 0 0 5 0 0 0 0 0 0 0 0 5 0 0 0 0 0 0 0 0 0 0 0 0 0 0 5 0 0 0 0 0 0 5 0 0 0 0 0 0 0 0 5 0 5 0 0 0 0 0 0 0 0 5 0 5 0 0 0 0 0 0 0 0 0 0 0 0 0 0 0 0 0 0 0 0 0 0 0 0 0 0 0 0 0 0 5 0 5 
160:/data/data/com.termux/files/usr/share/lua/5.4/luarocks/core/path.lua
5 5 0 0 5 5 0 0 0 5 0 0 5 0 0 0 0 0 0 0 0 0 0 0 0 0 0 0 0 5 0 0 0 0 0 0 0 5 0 0 0 0 0 5 0 0 0 0 0 0 0 0 5 0 0 0 0 0 0 0 0 0 0 0 0 0 0 0 0 0 0 0 0 0 0 0 0 0 5 0 5 0 0 0 0 0 5 0 5 0 0 0 0 0 5 0 5 0 0 0 0 0 0 0 0 0 5 0 0 0 0 0 0 0 0 0 0 0 0 0 5 0 5 0 0 0 0 0 5 0 0 0 0 0 0 0 0 5 0 0 0 0 0 0 0 0 0 0 0 0 0 0 0 0 0 0 0 5 0 5 
100:/data/data/com.termux/files/usr/share/lua/5.4/luarocks/core/persist.lua
5 5 0 0 5 0 0 0 0 0 0 0 0 0 5 30 30 20 0 10 10 10 0 0 10 10 10 10 10 0 10 0 0 10 0 0 10 5 0 0 0 0 0 0 0 0 0 0 0 5 0 30 30 30 0 0 30 0 30 30 0 30 0 30 0 30 20 0 10 5 0 0 0 0 0 0 0 0 0 0 0 5 0 0 0 0 0 0 0 0 0 0 0 0 0 0 0 5 0 5 
512:/data/data/com.termux/files/usr/share/lua/5.4/luarocks/core/sysdetect.lua
5 0 0 0 0 0 5 0 0 0 0 0 0 0 0 0 0 0 0 0 0 0 0 0 0 0 0 0 0 0 0 0 0 0 0 0 0 0 0 0 0 0 0 0 0 0 0 0 0 0 0 0 0 0 0 0 0 0 0 10 5 10 5 0 0 20 0 0 20 20 0 0 0 20 5 0 0 1215 1215 8295 7080 1215 0 0 0 0 0 1215 5 0 0 1215 0 0 1215 1215 0 0 0 1215 5 0 0 0 5 0 0 0 0 0 0 0 0 0 0 0 0 0 0 0 0 0 0 0 0 0 0 0 0 0 0 0 0 0 0 0 0 0 0 0 0 0 0 0 0 0 0 5 5 5 0 0 5 5 5 5 5 5 5 5 5 5 5 0 0 5 5 5 5 5 5 5 5 5 5 5 5 5 5 5 5 5 5 0 0 5 0 0 5 5 0 5 5 5 145 140 140 140 140 140 140 140 140 140 140 140 10 10 10 10 10 10 130 5 0 140 0 5 145 140 140 140 5 0 5 5 0 0 0 5 0 0 0 0 0 0 0 0 0 0 0 0 0 0 0 0 0 0 0 0 0 0 0 0 0 0 0 0 0 0 0 0 0 0 0 0 0 0 0 0 0 0 0 0 0 0 0 0 0 0 0 0 0 0 0 0 0 0 0 0 0 5 0 0 5 0 5 5 5 5 0 0 5 5 0 0 0 5 5 5 5 5 5 0 0 0 5 5 0 0 0 5 5 0 5 5 5 5 5 5 5 5 5 5 0 5 5 0 0 5 5 0 0 5 5 5 5 0 0 0 0 0 5 5 5 0 0 5 5 0 0 5 5 5 0 0 5 5 0 0 0 0 0 0 0 0 0 0 0 0 0 0 0 0 0 0 0 0 0 0 0 0 0 0 0 0 0 0 5 0 0 0 0 0 5 5 5 5 5 5 0 0 0 0 0 0 0 0 0 0 0 0 0 0 0 0 0 0 0 0 0 0 0 0 5 0 0 0 0 0 5 5 5 0 0 5 5 5 0 0 0 0 0 5 0 5 0 0 5 10 10 0 10 0 0 10 5 0 0 5 5 5 0 5 5 0 5 5 0 0 0 0 0 0 0 0 0 0 0 0 5 0 0 0 0 0 0 0 0 0 0 5 5 5 5 5 5 0 0 5 0 5 
360:/data/data/com.termux/files/usr/share/lua/5.4/luarocks/core/util.lua
5 5 0 0 0 0 0 0 0 5 0 0 0 0 0 0 0 0 5 10 0 10 0 0 0 0 0 0 0 0 0 0 5 0 0 0 0 0 0 0 0 0 0 0 0 0 0 0 0 0 0 5 0 0 0 0 0 0 0 0 0 0 0 0 0 0 0 0 0 0 0 0 0 0 0 0 0 0 0 0 0 0 0 0 0 0 0 0 0 0 0 0 0 0 0 0 0 0 0 0 0 0 0 0 0 0 0 0 0 0 0 0 0 0 0 0 0 5 0 0 0 0 0 0 5 0 5 0 0 0 0 0 5 210 160 40 40 30 30 0 40 40 0 0 0 0 120 0 50 55 0 0 0 0 0 5 0 0 0 0 0 0 0 0 0 0 0 0 0 0 5 0 0 0 5 0 0 0 0 0 0 0 0 0 0 0 0 0 0 0 0 0 0 0 0 0 0 5 0 0 0 0 0 0 0 0 0 0 0 5 0 0 0 0 0 0 0 0 0 0 0 0 0 0 0 0 0 0 0 0 0 0 0 0 0 0 0 0 0 0 5 0 0 0 0 5 0 0 0 0 0 5 0 0 5 0 0 5 0 0 0 5 0 5 0 0 0 0 0 0 0 0 0 0 0 0 0 0 5 0 0 0 0 0 0 0 0 0 0 0 5 0 0 0 0 0 0 0 0 0 0 0 0 0 0 0 0 0 0 0 0 0 0 0 0 0 0 0 0 0 0 0 0 0 0 0 0 0 0 0 0 5 0 0 0 0 0 0 0 0 0 5 0 0 0 0 0 0 0 0 0 0 0 5 0 5 0 5 0 5 
211:/data/data/com.termux/files/usr/share/lua/5.4/luarocks/core/vers.lua
5 0 0 5 0 0 0 0 5 5 5 5 5 5 5 5 0 0 5 0 0 0 0 0 0 0 0 0 0 0 0 0 0 0 0 0 0 0 0 5 0 0 0 0 0 0 0 0 0 0 0 0 0 0 0 0 0 0 5 0 0 0 0 0 5 0 0 0 0 0 5 0 0 5 10 5 0 0 0 0 0 0 0 0 0 0 0 0 0 5 0 0 0 0 0 0 0 0 0 0 0 0 0 0 0 0 0 0 0 0 0 0 0 0 0 0 0 0 0 0 0 0 0 0 0 0 0 0 0 0 0 0 0 0 5 0 0 0 0 0 5 0 0 0 0 5 0 0 0 0 0 0 0 0 0 0 0 0 0 0 0 0 0 0 0 0 0 0 0 0 0 0 0 0 0 0 0 5 0 0 0 0 0 0 5 0 0 0 0 0 0 0 0 0 0 0 0 0 0 0 0 0 0 0 0 0 0 0 5 0 5 
65:/data/data/com.termux/files/usr/share/lua/5.4/luarocks/dir.lua
5 0 5 0 0 0 0 0 5 0 5 5 5 0 5 0 0 0 0 0 5 0 0 0 0 0 0 0 0 5 0 0 0 0 0 0 5 0 0 0 0 0 0 0 0 0 5 0 0 0 5 0 5 0 5 0 0 0 0 0 0 0 5 0 5 
254:/data/data/com.termux/files/usr/share/lua/5.4/luarocks/path.lua
5 0 0 0 0 5 5 5 5 0 0 0 5 0 0 0 0 0 0 0 0 0 5 5 5 5 5 5 5 0 5 0 0 0 0 0 5 0 0 0 0 5 0 0 5 0 5 0 5 0 5 0 5 0 5 0 5 0 0 0 0 0 0 5 0 0 5 0 0 0 0 0 0 0 5 0 0 5 0 0 0 0 0 0 0 5 0 0 5 0 0 0 0 0 0 0 5 0 0 5 0 0 0 0 0 0 0 5 0 0 5 0 0 0 0 0 0 0 5 0 0 5 0 0 0 0 0 0 0 5 0 0 5 0 0 0 0 0 0 0 5 0 0 5 0 0 0 0 0 0 0 5 0 0 5 0 0 0 0 0 0 0 0 5 0 0 5 0 0 0 0 0 0 5 0 0 0 0 0 5 0 0 0 0 0 0 0 5 0 0 0 0 0 0 0 0 0 0 5 0 0 0 0 0 5 0 5 0 5 0 0 0 0 0 5 0 5 0 0 0 0 0 5 0 0 0 0 0 0 5 0 0 0 0 0 0 0 0 0 5 0 5 0 0 0 0 0 0 0 0 0 5 0 5 
748:/data/data/com.termux/files/usr/share/lua/5.4/luarocks/vendor/dkjson.lua
0 5 5 5 0 0 0 0 0 0 0 0 0 0 0 0 0 0 0 0 0 0 0 0 0 0 0 0 0 0 0 0 0 0 0 0 0 0 0 0 0 0 0 0 0 5 5 5 0 5 5 5 5 0 5 0 5 0 5 0 0 0 0 0 0 0 5 0 10 0 0 5 5 10 0 10 5 5 0 0 0 0 0 0 0 0 0 0 0 0 0 0 0 0 0 0 0 0 0 0 0 5 0 5 5 5 0 0 0 0 0 0 0 0 0 0 0 0 0 0 0 0 0 0 0 0 0 0 0 0 0 0 0 0 0 0 5 0 0 0 0 0 0 0 0 0 0 5 0 0 0 0 0 0 0 0 0 0 0 0 0 0 0 5 5 0 0 0 0 0 0 0 0 5 0 0 5 0 0 5 0 5 10 0 5 0 0 0 5 0 0 0 0 0 0 0 0 5 0 0 0 0 0 0 5 0 5 0 0 0 0 5 0 5 0 0 0 0 0 0 0 0 0 0 0 0 0 0 0 0 5 0 0 0 0 0 0 0 0 5 0 0 0 0 0 0 0 0 0 0 0 0 5 0 5 0 5 0 0 0 0 0 0 0 0 0 0 0 0 0 0 0 0 0 0 0 0 0 0 0 0 0 0 0 0 0 0 0 0 0 0 0 0 0 0 0 0 0 0 0 0 0 0 0 0 0 0 0 0 0 0 0 0 0 0 0 0 0 0 0 0 0 0 0 0 0 0 0 0 0 0 0 0 0 0 0 0 0 0 0 0 0 0 0 0 0 0 0 0 0 0 0 0 0 0 0 0 0 0 0 5 0 5 0 0 0 0 0 0 0 0 0 0 0 0 0 0 0 0 0 5 0 0 0 0 0 0 0 0 0 0 0 0 0 0 5 0 0 0 5 0 0 0 0 0 0 0 0 0 0 0 0 0 0 0 0 0 0 0 0 5 0 5 5 5 0 0 0 0 0 0 0 0 0 0 0 0 0 0 0 0 0 0 0 0 0 0 5 0 0 0 0 0 0 0 0 0 0 0 0 0 0 0 0 0 0 0 0 0 0 0 0 0 0 0 0 0 0 0 0 0 0 0 0 0 0 0 0 0 0 0 0 0 0 0 0 0 0 0 0 0 0 0 0 0 0 0 0 5 0 5 0 0 0 0 0 0 0 0 0 0 0 0 0 0 0 0 0 0 0 0 0 0 0 0 0 0 0 0 0 0 0 0 0 0 0 0 0 0 0 0 0 0 0 0 5 0 0 0 0 0 0 0 0 0 0 0 0 0 0 0 0 0 0 0 0 0 0 0 0 0 0 0 0 0 0 0 0 0 0 0 5 0 0 0 0 0 0 0 5 0 5 0 0 5 0 5 0 0 0 0 0 0 0 0 0 0 0 0 0 0 0 0 0 0 0 0 0 0 0 0 0 0 0 0 0 0 0 0 0 0 0 0 0 0 0 0 0 0 0 0 0 0 0 0 0 0 0 0 0 0 0 0 0 0 0 0 0 0 0 0 0 0 0 0 0 0 0 0 0 0 0 0 0 0 0 0 0 0 0 0 0 0 0 0 0 0 0 0 0 0 0 0 0 0 0 0 0 0 0 0 0 0 0 0 0 0 0 0 0 0 0 0 0 0 0 0 0 0 0 0 0 0 0 0 0 0 0 0 0 0 5 0 5 0 0 0 5 
159:/data/data/com.termux/files/usr/share/lua/5.4/mediator.lua
0 2 5 0 0 2 2 2 2 0 0 0 0 0 2 0 2 2 5 0 0 0 0 5 5 5 5 5 5 0 0 2 2 0 2 0 2 0 0 0 0 0 0 0 0 0 5 0 0 0 0 0 0 0 0 0 0 0 0 5 0 0 0 0 0 0 0 0 5 0 0 1 0 5 0 0 0 5 0 0 1 5 0 0 0 0 0 0 0 0 0 0 0 5 0 0 0 0 0 0 0 0 0 0 0 0 0 0 0 0 0 0 0 0 5 5 5 0 0 0 10 0 5 5 5 0 0 1 1 0 0 1 0 1 1 0 0 0 1 0 0 1 1 0 0 0 1 0 0 0 1 0 0 0 1 1 5 0 5 
423:/data/data/com.termux/files/usr/share/lua/5.4/system/init.lua
0 0 0 0 0 0 5 0 0 0 0 0 0 5 0 0 5 0 0 0 0 0 0 5 0 0 0 0 0 0 0 0 0 0 0 0 0 0 0 0 0 0 0 0 0 0 0 0 0 5 0 0 0 0 0 0 0 5 0 0 0 0 0 0 0 0 0 0 0 0 0 0 0 0 0 0 10 0 0 0 0 5 0 0 0 0 5 0 5 0 5 0 10 0 0 0 0 0 0 0 0 0 0 0 0 0 0 0 0 0 0 0 0 0 5 0 0 0 0 0 0 5 0 0 5 0 0 0 5 0 0 0 0 0 5 5 5 0 0 0 0 0 0 5 0 0 0 0 0 0 0 0 0 0 10 0 0 0 0 0 0 0 0 0 0 0 0 5 0 0 0 0 0 0 0 0 0 0 0 0 0 0 0 0 0 0 0 0 0 0 0 0 0 0 0 5 0 0 0 0 0 0 0 0 0 0 0 5 0 0 0 0 0 0 0 0 0 0 0 0 0 0 0 0 0 0 0 0 0 0 0 0 0 0 5 0 0 0 0 0 0 0 0 0 0 0 0 0 0 0 0 0 5 0 0 0 0 0 0 0 0 0 0 0 0 0 0 0 0 0 0 0 0 0 0 0 0 5 0 0 0 0 0 5 0 5 0 0 0 0 0 0 0 0 0 0 0 0 0 0 0 0 0 0 0 0 0 0 0 0 5 0 0 0 0 0 0 0 0 0 0 0 0 0 0 0 0 0 0 0 0 0 0 0 0 0 0 0 0 0 0 0 0 0 0 0 0 0 0 0 0 0 0 0 0 0 0 0 0 0 0 0 0 0 0 0 0 0 0 0 0 0 0 0 0 0 0 0 0 0 0 0 0 0 0 0 0 0 0 0 0 0 0 0 0 0 0 0 0 0 0 0 0 0 0 0 0 0 0 0 0 0 0 0 0 0 0 10 0 0 0 0 5 
121:test_rocks.lua
0 0 40 40 34 34 0 6 0 40 0 0 0 0 0 0 0 0 0 0 0 0 0 0 0 0 0 0 0 0 0 0 0 0 0 0 0 0 0 0 0 0 0 0 0 0 0 0 0 0 0 0 0 0 5 5 5 5 0 0 10 5 5 4 10 5 0 0 10 5 5 5 10 5 0 0 10 5 5 4 4 0 0 0 10 5 0 0 10 5 5 5 10 5 0 0 10 5 5 5 5 10 5 0 0 10 5 5 5 10 5 0 0 10 5 5 5 10 5 0 5 
